<?xml version="1.0" encoding="UTF-8"?>
<!-- Generated by org.testng.reporters.JUnitXMLReporter -->
<testsuite hostname="AWLIN-DT-11524" ignored="0" name="Test2" tests="1" failures="1" timestamp="03 Apr 2019 12:29:43 GMT" time="6.807" errors="0">
  <testcase name="Test2" time="1.034" classname="testcases.ParallelTest">
    <failure type="java.lang.NullPointerException">
      <![CDATA[java.lang.NullPointerException
	at testcases.ParallelTest.Test2(ParallelTest.java:110)
... Removed 25 stack frames]]>
    </failure>
  </testcase> <!-- Test2 -->
</testsuite> <!-- Test2 -->
