<?xml version="1.0" encoding="UTF-8"?>
<testng-results skipped="0" failed="0" ignored="0" total="1" passed="1">
  <reporter-output>
  </reporter-output>
  <suite name="Suite" duration-ms="208769" started-at="2019-05-03T09:04:30Z" finished-at="2019-05-03T09:07:59Z">
    <groups>
    </groups>
    <test name="Test1" duration-ms="208769" started-at="2019-05-03T09:04:30Z" finished-at="2019-05-03T09:07:59Z">
      <class name="testcases.OnboardingMerchant">
        <test-method status="PASS" signature="testsetup()[pri:0, instance:testcases.OnboardingMerchant@7ac7a4e4]" name="testsetup" is-config="true" duration-ms="187" started-at="2019-05-03T14:34:30Z" finished-at="2019-05-03T14:34:30Z">
          <reporter-output>
          </reporter-output>
        </test-method> <!-- testsetup -->
        <test-method status="PASS" signature="startTest()[pri:0, instance:testcases.OnboardingMerchant@7ac7a4e4]" name="startTest" is-config="true" duration-ms="0" started-at="2019-05-03T14:34:30Z" finished-at="2019-05-03T14:34:30Z">
          <reporter-output>
          </reporter-output>
        </test-method> <!-- startTest -->
        <test-method status="PASS" signature="openbrowser(java.lang.reflect.Method)[pri:0, instance:testcases.OnboardingMerchant@7ac7a4e4]" name="openbrowser" is-config="true" duration-ms="5776" started-at="2019-05-03T14:34:30Z" finished-at="2019-05-03T14:34:36Z">
          <params>
            <param index="0">
              <value>
                <![CDATA[public void testcases.OnboardingMerchant.OnboardingMerchant() throws java.lang.Throwable]]>
              </value>
            </param>
          </params>
          <reporter-output>
          </reporter-output>
        </test-method> <!-- openbrowser -->
        <test-method status="PASS" signature="OnboardingMerchant()[pri:0, instance:testcases.OnboardingMerchant@7ac7a4e4]" name="OnboardingMerchant" duration-ms="202592" started-at="2019-05-03T14:34:36Z" finished-at="2019-05-03T14:37:59Z">
          <reporter-output>
          </reporter-output>
        </test-method> <!-- OnboardingMerchant -->
        <test-method status="PASS" signature="complete()[pri:0, instance:testcases.OnboardingMerchant@7ac7a4e4]" name="complete" is-config="true" duration-ms="385" started-at="2019-05-03T14:37:59Z" finished-at="2019-05-03T14:37:59Z">
          <reporter-output>
          </reporter-output>
        </test-method> <!-- complete -->
        <test-method status="PASS" signature="testend()[pri:0, instance:testcases.OnboardingMerchant@7ac7a4e4]" name="testend" is-config="true" duration-ms="5465" started-at="2019-05-03T14:37:59Z" finished-at="2019-05-03T14:38:05Z">
          <reporter-output>
          </reporter-output>
        </test-method> <!-- testend -->
      </class> <!-- testcases.OnboardingMerchant -->
    </test> <!-- Test1 -->
  </suite> <!-- Suite -->
</testng-results>
